<?xml version="1.0" encoding="UTF-8" standalone="no"?>
<testsuite errors="0" failures="1" name="io.cucumber.core.plugin.JUnitFormatter" skipped="0" tests="3" time="26.142">
    <testcase classname="Room Reservation" name="TC01_user_should_login_manager_profile" time="20.253">
        <system-out><![CDATA[Given kullanici "concortHotelQaUrl" sayfasina gider.........................passed
Then login linkine tiklar...................................................passed
And user enter manager_id and manager_password..............................passed
And login butonuna basar....................................................passed
Then sayfaya giris yaptigini kontrol eder...................................passed
]]></system-out>
    </testcase>
    <testcase classname="Room Reservation" name="TC02_user_should_navigate_room_reservation_page" time="3.031">
        <system-out><![CDATA[Given user navigates to the create_room_reservation_page....................passed
]]></system-out>
    </testcase>
    <testcase classname="Room Reservation" name="TC03_user_should_be_able_to_book_a_reservation" time="2.533">
        <failure message="element click intercepted: Element &lt;input data-val=&quot;true&quot; data-val-required=&quot;The Approved field is required.&quot; id=&quot;Approved&quot; name=&quot;Approved&quot; type=&quot;checkbox&quot; value=&quot;true&quot;&gt; is not clickable at point (341, 708). Other element would receive the click: &lt;div class=&quot;page-footer&quot;&gt;...&lt;/div&gt;&#10;  (Session info: chrome=95.0.4638.69)&#10;Build info: version: '3.141.59', revision: 'e82be7d358', time: '2018-11-14T08:17:03'&#10;System info: host: 'WIN-I7FVIG5N4A1', ip: '192.168.0.16', os.name: 'Windows 10', os.arch: 'amd64', os.version: '10.0', java.version: '16.0.2'&#10;Driver info: org.openqa.selenium.chrome.ChromeDriver&#10;Capabilities {acceptInsecureCerts: false, browserName: chrome, browserVersion: 95.0.4638.69, chrome: {chromedriverVersion: 95.0.4638.69 (6a1600ed572fe..., userDataDir: C:\Users\ADMINI~1\AppData\L...}, goog:chromeOptions: {debuggerAddress: localhost:62254}, javascriptEnabled: true, networkConnectionEnabled: false, pageLoadStrategy: normal, platform: WINDOWS, platformName: WINDOWS, proxy: Proxy(), setWindowRect: true, strictFileInteractability: false, timeouts: {implicit: 0, pageLoad: 300000, script: 30000}, unhandledPromptBehavior: dismiss and notify, webauthn:extension:credBlob: true, webauthn:extension:largeBlob: true, webauthn:virtualAuthenticators: true}&#10;Session ID: 6ad1675750c13be12ab59e495535aa4c" type="org.openqa.selenium.ElementClickInterceptedException"><![CDATA[Given user enters all required fields.......................................passed
And user clicks on the approved_checkbox....................................failed
And user clicks on the is paid_checkbox.....................................skipped
And user clicks on save_button..............................................skipped
Then user verifies the success_message......................................skipped
And sayfayi kapatir.........................................................skipped

StackTrace:
org.openqa.selenium.ElementClickInterceptedException: element click intercepted: Element <input data-val="true" data-val-required="The Approved field is required." id="Approved" name="Approved" type="checkbox" value="true"> is not clickable at point (341, 708). Other element would receive the click: <div class="page-footer">...</div>
  (Session info: chrome=95.0.4638.69)
Build info: version: '3.141.59', revision: 'e82be7d358', time: '2018-11-14T08:17:03'
System info: host: 'WIN-I7FVIG5N4A1', ip: '192.168.0.16', os.name: 'Windows 10', os.arch: 'amd64', os.version: '10.0', java.version: '16.0.2'
Driver info: org.openqa.selenium.chrome.ChromeDriver
Capabilities {acceptInsecureCerts: false, browserName: chrome, browserVersion: 95.0.4638.69, chrome: {chromedriverVersion: 95.0.4638.69 (6a1600ed572fe..., userDataDir: C:\Users\ADMINI~1\AppData\L...}, goog:chromeOptions: {debuggerAddress: localhost:62254}, javascriptEnabled: true, networkConnectionEnabled: false, pageLoadStrategy: normal, platform: WINDOWS, platformName: WINDOWS, proxy: Proxy(), setWindowRect: true, strictFileInteractability: false, timeouts: {implicit: 0, pageLoad: 300000, script: 30000}, unhandledPromptBehavior: dismiss and notify, webauthn:extension:credBlob: true, webauthn:extension:largeBlob: true, webauthn:virtualAuthenticators: true}
Session ID: 6ad1675750c13be12ab59e495535aa4c
	at java.base/jdk.internal.reflect.NativeConstructorAccessorImpl.newInstance0(Native Method)
	at java.base/jdk.internal.reflect.NativeConstructorAccessorImpl.newInstance(NativeConstructorAccessorImpl.java:78)
	at java.base/jdk.internal.reflect.DelegatingConstructorAccessorImpl.newInstance(DelegatingConstructorAccessorImpl.java:45)
	at java.base/java.lang.reflect.Constructor.newInstanceWithCaller(Constructor.java:499)
	at java.base/java.lang.reflect.Constructor.newInstance(Constructor.java:480)
	at org.openqa.selenium.remote.http.W3CHttpResponseCodec.createException(W3CHttpResponseCodec.java:187)
	at org.openqa.selenium.remote.http.W3CHttpResponseCodec.decode(W3CHttpResponseCodec.java:122)
	at org.openqa.selenium.remote.http.W3CHttpResponseCodec.decode(W3CHttpResponseCodec.java:49)
	at org.openqa.selenium.remote.HttpCommandExecutor.execute(HttpCommandExecutor.java:158)
	at org.openqa.selenium.remote.service.DriverCommandExecutor.execute(DriverCommandExecutor.java:83)
	at org.openqa.selenium.remote.RemoteWebDriver.execute(RemoteWebDriver.java:552)
	at org.openqa.selenium.remote.RemoteWebElement.execute(RemoteWebElement.java:285)
	at org.openqa.selenium.remote.RemoteWebElement.click(RemoteWebElement.java:84)
	at java.base/jdk.internal.reflect.NativeMethodAccessorImpl.invoke0(Native Method)
	at java.base/jdk.internal.reflect.NativeMethodAccessorImpl.invoke(NativeMethodAccessorImpl.java:78)
	at java.base/jdk.internal.reflect.DelegatingMethodAccessorImpl.invoke(DelegatingMethodAccessorImpl.java:43)
	at java.base/java.lang.reflect.Method.invoke(Method.java:567)
	at org.openqa.selenium.support.pagefactory.internal.LocatingElementHandler.invoke(LocatingElementHandler.java:51)
	at jdk.proxy2/jdk.proxy2.$Proxy20.click(Unknown Source)
	at stepDefinitions.Concort_Hotel_Room_Reservation.userClicksOnTheApproved_checkbox(Concort_Hotel_Room_Reservation.java:50)
	at âœ½.user clicks on the approved_checkbox(file:///C:/Users/Administrator/IdeaProjects/com.myCucumber/src/test/resources/features/aa.feature:22)
]]></failure>
    </testcase>
</testsuite>
